дата и время вызова функции: 2023-03-22 18:36:01.393960
 название функции: hello_world
 аргумменты функции: (){}
 вывод функции: Hello World
 дата и время вызова функции: 2023-03-22 18:36:01.394974
 название функции: summator
 аргумменты функции: (2, 2){}
 вывод функции: 4
 дата и время вызова функции: 2023-03-22 18:36:01.394974
 название функции: div
 аргумменты функции: (6, 2){}
 вывод функции: 3.0
 дата и время вызова функции: 2023-03-22 18:36:01.395972
 название функции: summator
 аргумменты функции: (4.3,){'b': 2.2}
 вывод функции: 6.5
 дата и время вызова функции: 2023-03-22 18:40:37.226887
 название функции: people
 аргумменты функции: ([{'type': 'passport', 'number': '2207 876234', 'name': 'Василий Гупкин'}, {'type': 'invoice', 'number': '11-2', 'name': 'Геннадий Покемонов'}, {'type': 'insurance', 'number': '10006', 'name': 'Аристарх Павлов'}],){}
 вывод функции: Аристарх Павлов
 