дата и время вызова функции: 2023-03-22 18:22:36.104496
 имя функции: hello_world
 аргументы: (){}
 возвращаемое значение функции: Hello World
 дата и время вызова функции: 2023-03-22 18:22:36.105504
 имя функции: summator
 аргументы: (2, 2){}
 возвращаемое значение функции: 4
 дата и время вызова функции: 2023-03-22 18:22:36.106505
 имя функции: div
 аргументы: (6, 2){}
 возвращаемое значение функции: 3.0
 дата и время вызова функции: 2023-03-22 18:22:36.106505
 имя функции: summator
 аргументы: (4.3,){'b': 2.2}
 возвращаемое значение функции: 6.5
 дата и время вызова функции: 2023-03-22 18:22:36.108589
 имя функции: summator
 аргументы: (){'a': 0, 'b': 0}
 возвращаемое значение функции: 0
 